nohup: ignoring input

  .   ____          _            __ _ _
 /\\ / ___'_ __ _ _(_)_ __  __ _ \ \ \ \
( ( )\___ | '_ | '_| | '_ \/ _` | \ \ \ \
 \\/  ___)| |_)| | | | | || (_| |  ) ) ) )
  '  |____| .__|_| |_|_| |_\__, | / / / /
 =========|_|==============|___/=/_/_/_/

 :: Spring Boot ::                (v3.5.6)

2026-01-22T18:21:23.347Z  INFO 1868313 --- [lms-project] [           main] com.mysite.sbb.LmsProjectApplication     : Starting LmsProjectApplication v0.0.1-SNAPSHOT using Java 17.0.17 with PID 1868313 (/opt/lms/lms-project/build/libs/lms-project-0.0.1-SNAPSHOT.jar started by ubuntu in /opt/lms/lms-project)
2026-01-22T18:21:23.418Z  INFO 1868313 --- [lms-project] [           main] com.mysite.sbb.LmsProjectApplication     : No active profile set, falling back to 1 default profile: "default"
2026-01-22T18:22:00.710Z  INFO 1868313 --- [lms-project] [           main] .s.d.r.c.RepositoryConfigurationDelegate : Bootstrapping Spring Data JPA repositories in DEFAULT mode.
2026-01-22T18:22:03.349Z  INFO 1868313 --- [lms-project] [           main] .s.d.r.c.RepositoryConfigurationDelegate : Finished Spring Data repository scanning in 2397 ms. Found 11 JPA repository interfaces.
2026-01-22T18:22:33.986Z  INFO 1868313 --- [lms-project] [           main] o.s.b.w.embedded.tomcat.TomcatWebServer  : Tomcat initialized with port 8080 (http)
2026-01-22T18:22:34.778Z  INFO 1868313 --- [lms-project] [           main] o.apache.catalina.core.StandardService   : Starting service [Tomcat]
2026-01-22T18:22:34.853Z  INFO 1868313 --- [lms-project] [           main] o.apache.catalina.core.StandardEngine    : Starting Servlet engine: [Apache Tomcat/10.1.46]
2026-01-22T18:22:36.224Z  INFO 1868313 --- [lms-project] [           main] o.a.c.c.C.[Tomcat].[localhost].[/]       : Initializing Spring embedded WebApplicationContext
2026-01-22T18:22:36.227Z  INFO 1868313 --- [lms-project] [           main] w.s.c.ServletWebServerApplicationContext : Root WebApplicationContext: initialization completed in 60721 ms
2026-01-22T18:22:44.543Z  INFO 1868313 --- [lms-project] [           main] o.hibernate.jpa.internal.util.LogHelper  : HHH000204: Processing PersistenceUnitInfo [name: default]
2026-01-22T18:22:48.061Z  INFO 1868313 --- [lms-project] [           main] org.hibernate.Version                    : HHH000412: Hibernate ORM core version 6.6.29.Final
2026-01-22T18:22:49.829Z  INFO 1868313 --- [lms-project] [           main] o.h.c.internal.RegionFactoryInitiator    : HHH000026: Second-level cache disabled
2026-01-22T18:23:00.471Z  INFO 1868313 --- [lms-project] [           main] o.s.o.j.p.SpringPersistenceUnitInfo      : No LoadTimeWeaver setup: ignoring JPA class transformer
2026-01-22T18:23:01.736Z  INFO 1868313 --- [lms-project] [           main] com.zaxxer.hikari.HikariDataSource       : HikariPool-1 - Starting...
2026-01-22T18:23:09.749Z  INFO 1868313 --- [lms-project] [           main] com.zaxxer.hikari.pool.HikariPool        : HikariPool-1 - Added connection conn0: url=jdbc:h2:/home/ubuntu/local user=SA
2026-01-22T18:23:09.820Z  INFO 1868313 --- [lms-project] [           main] com.zaxxer.hikari.HikariDataSource       : HikariPool-1 - Start completed.
2026-01-22T18:23:11.111Z  WARN 1868313 --- [lms-project] [           main] org.hibernate.orm.deprecation            : HHH90000025: H2Dialect does not need to be specified explicitly using 'hibernate.dialect' (remove the property setting and it will be selected by default)
2026-01-22T18:23:12.060Z  INFO 1868313 --- [lms-project] [           main] org.hibernate.orm.connections.pooling    : HHH10001005: Database info:
	Database JDBC URL [Connecting through datasource 'HikariDataSource (HikariPool-1)']
	Database driver: undefined/unknown
	Database version: 2.3.232
	Autocommit mode: undefined/unknown
	Isolation level: undefined/unknown
	Minimum pool size: undefined/unknown
	Maximum pool size: undefined/unknown
2026-01-22T18:23:45.258Z  INFO 1868313 --- [lms-project] [           main] o.h.e.t.j.p.i.JtaPlatformInitiator       : HHH000489: No JTA platform available (set 'hibernate.transaction.jta.platform' to enable JTA platform integration)
Hibernate: 
    alter table if exists enrollment 
       drop constraint if exists UK4po525nh6ipqn6s8ngc1sdpjo
Hibernate: 
    alter table if exists enrollment 
       add constraint UK4po525nh6ipqn6s8ngc1sdpjo unique (classes_id, uno)
2026-01-22T18:23:46.702Z  INFO 1868313 --- [lms-project] [           main] j.LocalContainerEntityManagerFactoryBean : Initialized JPA EntityManagerFactory for persistence unit 'default'
2026-01-22T18:23:54.628Z  INFO 1868313 --- [lms-project] [           main] o.s.d.j.r.query.QueryEnhancerFactory     : Hibernate is in classpath; If applicable, HQL parser will be used.
2026-01-22T18:25:00.221Z  WARN 1868313 --- [lms-project] [           main] JpaBaseConfiguration$JpaWebConfiguration : spring.jpa.open-in-view is enabled by default. Therefore, database queries may be performed during view rendering. Explicitly configure spring.jpa.open-in-view to disable this warning
2026-01-22T18:25:05.973Z  INFO 1868313 --- [lms-project] [           main] r$InitializeUserDetailsManagerConfigurer : Global AuthenticationManager configured with UserDetailsService bean with name userSecurityService
2026-01-22T18:25:18.066Z  INFO 1868313 --- [lms-project] [           main] o.s.b.a.h2.H2ConsoleAutoConfiguration    : H2 console available at '/h2-console'. Database available at 'jdbc:h2:/home/ubuntu/local'
2026-01-22T18:25:22.138Z  INFO 1868313 --- [lms-project] [           main] o.s.b.w.embedded.tomcat.TomcatWebServer  : Tomcat started on port 8080 (http) with context path '/'
2026-01-22T18:25:23.340Z  INFO 1868313 --- [lms-project] [           main] com.mysite.sbb.LmsProjectApplication     : Started LmsProjectApplication in 255.529 seconds (process running for 266.564)
2026-01-22T21:33:55.424Z  INFO 1868313 --- [lms-project] [nio-8080-exec-2] o.a.c.c.C.[Tomcat].[localhost].[/]       : Initializing Spring DispatcherServlet 'dispatcherServlet'
2026-01-22T21:33:55.426Z  INFO 1868313 --- [lms-project] [nio-8080-exec-2] o.s.web.servlet.DispatcherServlet        : Initializing Servlet 'dispatcherServlet'
2026-01-22T21:33:55.453Z  INFO 1868313 --- [lms-project] [nio-8080-exec-2] o.s.web.servlet.DispatcherServlet        : Completed initialization in 25 ms
2026-01-22T21:33:59.265Z  WARN 1868313 --- [lms-project] [nio-8080-exec-3] o.a.c.util.SessionIdGeneratorBase        : Creation of SecureRandom instance for session ID generation using [SHA1PRNG] took [234] milliseconds.
Hibernate: 
    select
        c1_0.classes_id,
        c1_0.created_date,
        c1_0.classes_content,
        c1_0.classes_img,
        c1_0.classes_video,
        c1_0.level_id,
        c1_0.title,
        c1_0.uno 
    from
        classes c1_0
Hibernate: 
    select
        c1_0.classes_id,
        c1_0.created_date,
        c1_0.classes_content,
        c1_0.classes_img,
        c1_0.classes_video,
        c1_0.level_id,
        c1_0.title,
        c1_0.uno 
    from
        classes c1_0
Hibernate: 
    select
        distinct c1_0.classes_id,
        c1_0.created_date,
        c1_0.classes_content,
        c1_0.classes_img,
        c1_0.classes_video,
        c1_0.level_id,
        c1_0.title,
        c1_0.uno 
    from
        classes c1_0 
    where
        c1_0.level_id<=? 
    order by
        c1_0.created_date desc 
    offset
        ? rows 
    fetch
        first ? rows only
Hibernate: 
    select
        l1_0.level_id,
        l1_0.level_name 
    from
        level l1_0
Hibernate: 
    select
        c1_0.classes_id,
        c1_0.created_date,
        c1_0.classes_content,
        c1_0.classes_img,
        c1_0.classes_video,
        c1_0.level_id,
        c1_0.title,
        c1_0.uno 
    from
        classes c1_0 
    order by
        random() 
    fetch
        first ? rows only
Hibernate: 
    select
        c1_0.classes_id,
        c1_0.created_date,
        c1_0.classes_content,
        c1_0.classes_img,
        c1_0.classes_video,
        c1_0.level_id,
        c1_0.title,
        c1_0.uno 
    from
        classes c1_0 
    order by
        random() 
    fetch
        first ? rows only
Hibernate: 
    select
        u1_0.uno,
        u1_0.approved,
        u1_0.email,
        u1_0.end_date,
        u1_0.is_paid,
        u1_0.level_id,
        u1_0.password,
        u1_0.profile_img,
        u1_0.role,
        u1_0.user_cdate,
        u1_0.user_id,
        u1_0.user_name 
    from
        site_user u1_0 
    where
        u1_0.role=? 
    order by
        random() 
    fetch
        first ? rows only
Hibernate: 
    select
        u1_0.uno,
        u1_0.approved,
        u1_0.email,
        u1_0.end_date,
        u1_0.is_paid,
        u1_0.level_id,
        u1_0.password,
        u1_0.profile_img,
        u1_0.role,
        u1_0.user_cdate,
        u1_0.user_id,
        u1_0.user_name 
    from
        site_user u1_0 
    where
        u1_0.role=? 
    order by
        random() 
    fetch
        first ? rows only
Hibernate: 
    select
        c1_0.classes_id,
        c1_0.created_date,
        c1_0.classes_content,
        c1_0.classes_img,
        c1_0.classes_video,
        c1_0.level_id,
        c1_0.title,
        c1_0.uno 
    from
        classes c1_0
Hibernate: 
    select
        c1_0.classes_id,
        c1_0.created_date,
        c1_0.classes_content,
        c1_0.classes_img,
        c1_0.classes_video,
        c1_0.level_id,
        c1_0.title,
        c1_0.uno 
    from
        classes c1_0 
    order by
        random() 
    fetch
        first ? rows only
Hibernate: 
    select
        u1_0.uno,
        u1_0.approved,
        u1_0.email,
        u1_0.end_date,
        u1_0.is_paid,
        u1_0.level_id,
        u1_0.password,
        u1_0.profile_img,
        u1_0.role,
        u1_0.user_cdate,
        u1_0.user_id,
        u1_0.user_name 
    from
        site_user u1_0 
    where
        u1_0.role=? 
    order by
        random() 
    fetch
        first ? rows only
Hibernate: 
    select
        c1_0.classes_id,
        c1_0.created_date,
        c1_0.classes_content,
        c1_0.classes_img,
        c1_0.classes_video,
        c1_0.level_id,
        c1_0.title,
        c1_0.uno 
    from
        classes c1_0
Hibernate: 
    select
        c1_0.classes_id,
        c1_0.created_date,
        c1_0.classes_content,
        c1_0.classes_img,
        c1_0.classes_video,
        c1_0.level_id,
        c1_0.title,
        c1_0.uno 
    from
        classes c1_0 
    order by
        random() 
    fetch
        first ? rows only
Hibernate: 
    select
        u1_0.uno,
        u1_0.approved,
        u1_0.email,
        u1_0.end_date,
        u1_0.is_paid,
        u1_0.level_id,
        u1_0.password,
        u1_0.profile_img,
        u1_0.role,
        u1_0.user_cdate,
        u1_0.user_id,
        u1_0.user_name 
    from
        site_user u1_0 
    where
        u1_0.role=? 
    order by
        random() 
    fetch
        first ? rows only
Hibernate: 
    select
        c1_0.classes_id,
        c1_0.created_date,
        c1_0.classes_content,
        c1_0.classes_img,
        c1_0.classes_video,
        c1_0.level_id,
        c1_0.title,
        c1_0.uno 
    from
        classes c1_0
Hibernate: 
    select
        c1_0.classes_id,
        c1_0.created_date,
        c1_0.classes_content,
        c1_0.classes_img,
        c1_0.classes_video,
        c1_0.level_id,
        c1_0.title,
        c1_0.uno 
    from
        classes c1_0 
    order by
        random() 
    fetch
        first ? rows only
Hibernate: 
    select
        u1_0.uno,
        u1_0.approved,
        u1_0.email,
        u1_0.end_date,
        u1_0.is_paid,
        u1_0.level_id,
        u1_0.password,
        u1_0.profile_img,
        u1_0.role,
        u1_0.user_cdate,
        u1_0.user_id,
        u1_0.user_name 
    from
        site_user u1_0 
    where
        u1_0.role=? 
    order by
        random() 
    fetch
        first ? rows only
Hibernate: 
    select
        c1_0.classes_id,
        c1_0.created_date,
        c1_0.classes_content,
        c1_0.classes_img,
        c1_0.classes_video,
        c1_0.level_id,
        c1_0.title,
        c1_0.uno 
    from
        classes c1_0
Hibernate: 
    select
        c1_0.classes_id,
        c1_0.created_date,
        c1_0.classes_content,
        c1_0.classes_img,
        c1_0.classes_video,
        c1_0.level_id,
        c1_0.title,
        c1_0.uno 
    from
        classes c1_0 
    order by
        random() 
    fetch
        first ? rows only
Hibernate: 
    select
        u1_0.uno,
        u1_0.approved,
        u1_0.email,
        u1_0.end_date,
        u1_0.is_paid,
        u1_0.level_id,
        u1_0.password,
        u1_0.profile_img,
        u1_0.role,
        u1_0.user_cdate,
        u1_0.user_id,
        u1_0.user_name 
    from
        site_user u1_0 
    where
        u1_0.role=? 
    order by
        random() 
    fetch
        first ? rows only
Hibernate: 
    select
        c1_0.classes_id,
        c1_0.created_date,
        c1_0.classes_content,
        c1_0.classes_img,
        c1_0.classes_video,
        c1_0.level_id,
        c1_0.title,
        c1_0.uno 
    from
        classes c1_0
Hibernate: 
    select
        distinct c1_0.classes_id,
        c1_0.created_date,
        c1_0.classes_content,
        c1_0.classes_img,
        c1_0.classes_video,
        c1_0.level_id,
        c1_0.title,
        c1_0.uno 
    from
        classes c1_0 
    where
        c1_0.level_id<=? 
    order by
        c1_0.created_date desc 
    offset
        ? rows 
    fetch
        first ? rows only
Hibernate: 
    select
        l1_0.level_id,
        l1_0.level_name 
    from
        level l1_0
Hibernate: 
    select
        c1_0.classes_id,
        c1_0.created_date,
        c1_0.classes_content,
        c1_0.classes_img,
        c1_0.classes_video,
        c1_0.level_id,
        c1_0.title,
        c1_0.uno 
    from
        classes c1_0 
    order by
        random() 
    fetch
        first ? rows only
Hibernate: 
    select
        u1_0.uno,
        u1_0.approved,
        u1_0.email,
        u1_0.end_date,
        u1_0.is_paid,
        u1_0.level_id,
        u1_0.password,
        u1_0.profile_img,
        u1_0.role,
        u1_0.user_cdate,
        u1_0.user_id,
        u1_0.user_name 
    from
        site_user u1_0 
    where
        u1_0.role=? 
    order by
        random() 
    fetch
        first ? rows only
Hibernate: 
    select
        c1_0.classes_id,
        c1_0.created_date,
        c1_0.classes_content,
        c1_0.classes_img,
        c1_0.classes_video,
        c1_0.level_id,
        c1_0.title,
        c1_0.uno 
    from
        classes c1_0
Hibernate: 
    select
        c1_0.classes_id,
        c1_0.created_date,
        c1_0.classes_content,
        c1_0.classes_img,
        c1_0.classes_video,
        c1_0.level_id,
        c1_0.title,
        c1_0.uno 
    from
        classes c1_0 
    order by
        random() 
    fetch
        first ? rows only
Hibernate: 
    select
        distinct c1_0.classes_id,
        c1_0.created_date,
        c1_0.classes_content,
        c1_0.classes_img,
        c1_0.classes_video,
        c1_0.level_id,
        c1_0.title,
        c1_0.uno 
    from
        classes c1_0 
    where
        c1_0.level_id<=? 
    order by
        c1_0.created_date desc 
    offset
        ? rows 
    fetch
        first ? rows only
Hibernate: 
    select
        u1_0.uno,
        u1_0.approved,
        u1_0.email,
        u1_0.end_date,
        u1_0.is_paid,
        u1_0.level_id,
        u1_0.password,
        u1_0.profile_img,
        u1_0.role,
        u1_0.user_cdate,
        u1_0.user_id,
        u1_0.user_name 
    from
        site_user u1_0 
    where
        u1_0.role=? 
    order by
        random() 
    fetch
        first ? rows only
Hibernate: 
    select
        l1_0.level_id,
        l1_0.level_name 
    from
        level l1_0
Hibernate: 
    select
        c1_0.classes_id,
        c1_0.created_date,
        c1_0.classes_content,
        c1_0.classes_img,
        c1_0.classes_video,
        c1_0.level_id,
        c1_0.title,
        c1_0.uno 
    from
        classes c1_0
Hibernate: 
    select
        c1_0.classes_id,
        c1_0.created_date,
        c1_0.classes_content,
        c1_0.classes_img,
        c1_0.classes_video,
        c1_0.level_id,
        c1_0.title,
        c1_0.uno 
    from
        classes c1_0
Hibernate: 
    select
        c1_0.classes_id,
        c1_0.created_date,
        c1_0.classes_content,
        c1_0.classes_img,
        c1_0.classes_video,
        c1_0.level_id,
        c1_0.title,
        c1_0.uno 
    from
        classes c1_0
Hibernate: 
    select
        c1_0.classes_id,
        c1_0.created_date,
        c1_0.classes_content,
        c1_0.classes_img,
        c1_0.classes_video,
        c1_0.level_id,
        c1_0.title,
        c1_0.uno 
    from
        classes c1_0 
    order by
        random() 
    fetch
        first ? rows only
Hibernate: 
    select
        c1_0.classes_id,
        c1_0.created_date,
        c1_0.classes_content,
        c1_0.classes_img,
        c1_0.classes_video,
        c1_0.level_id,
        c1_0.title,
        c1_0.uno 
    from
        classes c1_0 
    order by
        random() 
    fetch
        first ? rows only
Hibernate: 
    select
        c1_0.classes_id,
        c1_0.created_date,
        c1_0.classes_content,
        c1_0.classes_img,
        c1_0.classes_video,
        c1_0.level_id,
        c1_0.title,
        c1_0.uno 
    from
        classes c1_0 
    order by
        random() 
    fetch
        first ? rows only
Hibernate: 
    select
        u1_0.uno,
        u1_0.approved,
        u1_0.email,
        u1_0.end_date,
        u1_0.is_paid,
        u1_0.level_id,
        u1_0.password,
        u1_0.profile_img,
        u1_0.role,
        u1_0.user_cdate,
        u1_0.user_id,
        u1_0.user_name 
    from
        site_user u1_0 
    where
        u1_0.role=? 
    order by
        random() 
    fetch
        first ? rows only
Hibernate: 
    select
        u1_0.uno,
        u1_0.approved,
        u1_0.email,
        u1_0.end_date,
        u1_0.is_paid,
        u1_0.level_id,
        u1_0.password,
        u1_0.profile_img,
        u1_0.role,
        u1_0.user_cdate,
        u1_0.user_id,
        u1_0.user_name 
    from
        site_user u1_0 
    where
        u1_0.role=? 
    order by
        random() 
    fetch
        first ? rows only
Hibernate: 
    select
        u1_0.uno,
        u1_0.approved,
        u1_0.email,
        u1_0.end_date,
        u1_0.is_paid,
        u1_0.level_id,
        u1_0.password,
        u1_0.profile_img,
        u1_0.role,
        u1_0.user_cdate,
        u1_0.user_id,
        u1_0.user_name 
    from
        site_user u1_0 
    where
        u1_0.role=? 
    order by
        random() 
    fetch
        first ? rows only
Hibernate: 
    select
        u1_0.uno,
        u1_0.approved,
        u1_0.email,
        u1_0.end_date,
        u1_0.is_paid,
        u1_0.level_id,
        u1_0.password,
        u1_0.profile_img,
        u1_0.role,
        u1_0.user_cdate,
        u1_0.user_id,
        u1_0.user_name 
    from
        site_user u1_0 
    where
        u1_0.user_id=?
Hibernate: 
    select
        u1_0.uno,
        u1_0.approved,
        u1_0.email,
        u1_0.end_date,
        u1_0.is_paid,
        u1_0.level_id,
        u1_0.password,
        u1_0.profile_img,
        u1_0.role,
        u1_0.user_cdate,
        u1_0.user_id,
        u1_0.user_name 
    from
        site_user u1_0 
    where
        u1_0.email=?
Hibernate: 
    insert 
    into
        site_user
        (approved, email, end_date, is_paid, level_id, password, profile_img, role, user_cdate, user_id, user_name, uno) 
    values
        (?, ?, ?, ?, ?, ?, ?, ?, ?, ?, ?, default)
Hibernate: 
    select
        u1_0.uno,
        u1_0.approved,
        u1_0.email,
        u1_0.end_date,
        u1_0.is_paid,
        u1_0.level_id,
        u1_0.password,
        u1_0.profile_img,
        u1_0.role,
        u1_0.user_cdate,
        u1_0.user_id,
        u1_0.user_name 
    from
        site_user u1_0 
    where
        u1_0.user_id=?
Hibernate: 
    select
        u1_0.uno,
        u1_0.approved,
        u1_0.email,
        u1_0.end_date,
        u1_0.is_paid,
        u1_0.level_id,
        u1_0.password,
        u1_0.profile_img,
        u1_0.role,
        u1_0.user_cdate,
        u1_0.user_id,
        u1_0.user_name 
    from
        site_user u1_0 
    where
        u1_0.user_id=?
Hibernate: 
    select
        u1_0.uno,
        u1_0.approved,
        u1_0.email,
        u1_0.end_date,
        u1_0.is_paid,
        u1_0.level_id,
        u1_0.password,
        u1_0.profile_img,
        u1_0.role,
        u1_0.user_cdate,
        u1_0.user_id,
        u1_0.user_name 
    from
        site_user u1_0 
    where
        u1_0.user_id=?
Hibernate: 
    select
        u1_0.uno,
        u1_0.approved,
        u1_0.email,
        u1_0.end_date,
        u1_0.is_paid,
        u1_0.level_id,
        u1_0.password,
        u1_0.profile_img,
        u1_0.role,
        u1_0.user_cdate,
        u1_0.user_id,
        u1_0.user_name 
    from
        site_user u1_0 
    where
        u1_0.user_id=?
Hibernate: 
    select
        u1_0.uno,
        u1_0.approved,
        u1_0.email,
        u1_0.end_date,
        u1_0.is_paid,
        u1_0.level_id,
        u1_0.password,
        u1_0.profile_img,
        u1_0.role,
        u1_0.user_cdate,
        u1_0.user_id,
        u1_0.user_name 
    from
        site_user u1_0 
    where
        u1_0.user_id=?
Hibernate: 
    select
        u1_0.uno,
        u1_0.approved,
        u1_0.email,
        u1_0.end_date,
        u1_0.is_paid,
        u1_0.level_id,
        u1_0.password,
        u1_0.profile_img,
        u1_0.role,
        u1_0.user_cdate,
        u1_0.user_id,
        u1_0.user_name 
    from
        site_user u1_0 
    where
        u1_0.user_id=?
Hibernate: 
    select
        c1_0.classes_id,
        c1_0.created_date,
        c1_0.classes_content,
        c1_0.classes_img,
        c1_0.classes_video,
        c1_0.level_id,
        c1_0.title,
        c1_0.uno 
    from
        classes c1_0
Hibernate: 
    select
        c1_0.classes_id,
        c1_0.created_date,
        c1_0.classes_content,
        c1_0.classes_img,
        c1_0.classes_video,
        c1_0.level_id,
        c1_0.title,
        c1_0.uno 
    from
        classes c1_0 
    order by
        random() 
    fetch
        first ? rows only
Hibernate: 
    select
        u1_0.uno,
        u1_0.approved,
        u1_0.email,
        u1_0.end_date,
        u1_0.is_paid,
        u1_0.level_id,
        u1_0.password,
        u1_0.profile_img,
        u1_0.role,
        u1_0.user_cdate,
        u1_0.user_id,
        u1_0.user_name 
    from
        site_user u1_0 
    where
        u1_0.role=? 
    order by
        random() 
    fetch
        first ? rows only
Hibernate: 
    select
        c1_0.classes_id,
        c1_0.created_date,
        c1_0.classes_content,
        c1_0.classes_img,
        c1_0.classes_video,
        c1_0.level_id,
        c1_0.title,
        c1_0.uno 
    from
        classes c1_0
Hibernate: 
    select
        c1_0.classes_id,
        c1_0.created_date,
        c1_0.classes_content,
        c1_0.classes_img,
        c1_0.classes_video,
        c1_0.level_id,
        c1_0.title,
        c1_0.uno 
    from
        classes c1_0 
    order by
        random() 
    fetch
        first ? rows only
Hibernate: 
    select
        u1_0.uno,
        u1_0.approved,
        u1_0.email,
        u1_0.end_date,
        u1_0.is_paid,
        u1_0.level_id,
        u1_0.password,
        u1_0.profile_img,
        u1_0.role,
        u1_0.user_cdate,
        u1_0.user_id,
        u1_0.user_name 
    from
        site_user u1_0 
    where
        u1_0.role=? 
    order by
        random() 
    fetch
        first ? rows only
Hibernate: 
    select
        c1_0.classes_id,
        c1_0.created_date,
        c1_0.classes_content,
        c1_0.classes_img,
        c1_0.classes_video,
        c1_0.level_id,
        c1_0.title,
        c1_0.uno 
    from
        classes c1_0
Hibernate: 
    select
        c1_0.classes_id,
        c1_0.created_date,
        c1_0.classes_content,
        c1_0.classes_img,
        c1_0.classes_video,
        c1_0.level_id,
        c1_0.title,
        c1_0.uno 
    from
        classes c1_0 
    order by
        random() 
    fetch
        first ? rows only
Hibernate: 
    select
        u1_0.uno,
        u1_0.approved,
        u1_0.email,
        u1_0.end_date,
        u1_0.is_paid,
        u1_0.level_id,
        u1_0.password,
        u1_0.profile_img,
        u1_0.role,
        u1_0.user_cdate,
        u1_0.user_id,
        u1_0.user_name 
    from
        site_user u1_0 
    where
        u1_0.role=? 
    order by
        random() 
    fetch
        first ? rows only
